<?xml version="1.0" encoding="UTF-8"?>
<testsuite xmlns:xsi="http://www.w3.org/2001/XMLSchema-instance" xsi:noNamespaceSchemaLocation="https://maven.apache.org/surefire/maven-surefire-plugin/xsd/surefire-test-report.xsd" name="de.htwberlin.paymentService.unitTests.PaymentServiceTests" time="8.062" tests="17" errors="0" skipped="0" failures="0">
  <properties>
    <property name="java.specification.version" value="19"/>
    <property name="sun.jnu.encoding" value="UTF-8"/>
    <property name="java.class.path" value="/home/mylinh/webWithTests/microservices/paymentService/target/test-classes:/home/mylinh/webWithTests/microservices/paymentService/target/classes:/home/mylinh/.m2/repository/junit/junit/4.13.2/junit-4.13.2.jar:/home/mylinh/.m2/repository/org/hamcrest/hamcrest-core/2.2/hamcrest-core-2.2.jar:/home/mylinh/.m2/repository/javax/validation/validation-api/2.0.1.Final/validation-api-2.0.1.Final.jar:/home/mylinh/.m2/repository/org/springframework/boot/spring-boot-starter-data-jpa/3.0.2/spring-boot-starter-data-jpa-3.0.2.jar:/home/mylinh/.m2/repository/org/springframework/boot/spring-boot-starter-aop/3.0.2/spring-boot-starter-aop-3.0.2.jar:/home/mylinh/.m2/repository/org/springframework/spring-aop/6.0.4/spring-aop-6.0.4.jar:/home/mylinh/.m2/repository/org/aspectj/aspectjweaver/1.9.19/aspectjweaver-1.9.19.jar:/home/mylinh/.m2/repository/org/springframework/boot/spring-boot-starter-jdbc/3.0.2/spring-boot-starter-jdbc-3.0.2.jar:/home/mylinh/.m2/repository/com/zaxxer/HikariCP/5.0.1/HikariCP-5.0.1.jar:/home/mylinh/.m2/repository/org/springframework/spring-jdbc/6.0.4/spring-jdbc-6.0.4.jar:/home/mylinh/.m2/repository/org/hibernate/orm/hibernate-core/6.1.6.Final/hibernate-core-6.1.6.Final.jar:/home/mylinh/.m2/repository/jakarta/persistence/jakarta.persistence-api/3.1.0/jakarta.persistence-api-3.1.0.jar:/home/mylinh/.m2/repository/jakarta/transaction/jakarta.transaction-api/2.0.1/jakarta.transaction-api-2.0.1.jar:/home/mylinh/.m2/repository/org/hibernate/common/hibernate-commons-annotations/6.0.2.Final/hibernate-commons-annotations-6.0.2.Final.jar:/home/mylinh/.m2/repository/org/jboss/jandex/2.4.2.Final/jandex-2.4.2.Final.jar:/home/mylinh/.m2/repository/org/glassfish/jaxb/jaxb-runtime/4.0.1/jaxb-runtime-4.0.1.jar:/home/mylinh/.m2/repository/org/glassfish/jaxb/jaxb-core/4.0.1/jaxb-core-4.0.1.jar:/home/mylinh/.m2/repository/org/eclipse/angus/angus-activation/1.0.0/angus-activation-1.0.0.jar:/home/mylinh/.m2/repository/org/glassfish/jaxb/txw2/4.0.1/txw2-4.0.1.jar:/home/mylinh/.m2/repository/com/sun/istack/istack-commons-runtime/4.1.1/istack-commons-runtime-4.1.1.jar:/home/mylinh/.m2/repository/jakarta/inject/jakarta.inject-api/2.0.0/jakarta.inject-api-2.0.0.jar:/home/mylinh/.m2/repository/org/antlr/antlr4-runtime/4.10.1/antlr4-runtime-4.10.1.jar:/home/mylinh/.m2/repository/org/springframework/data/spring-data-jpa/3.0.1/spring-data-jpa-3.0.1.jar:/home/mylinh/.m2/repository/org/springframework/data/spring-data-commons/3.0.1/spring-data-commons-3.0.1.jar:/home/mylinh/.m2/repository/org/springframework/spring-orm/6.0.4/spring-orm-6.0.4.jar:/home/mylinh/.m2/repository/org/springframework/spring-context/6.0.4/spring-context-6.0.4.jar:/home/mylinh/.m2/repository/org/springframework/spring-tx/6.0.4/spring-tx-6.0.4.jar:/home/mylinh/.m2/repository/org/springframework/spring-beans/6.0.4/spring-beans-6.0.4.jar:/home/mylinh/.m2/repository/jakarta/annotation/jakarta.annotation-api/2.1.1/jakarta.annotation-api-2.1.1.jar:/home/mylinh/.m2/repository/org/springframework/spring-aspects/6.0.4/spring-aspects-6.0.4.jar:/home/mylinh/.m2/repository/org/springframework/boot/spring-boot-starter-amqp/3.0.2/spring-boot-starter-amqp-3.0.2.jar:/home/mylinh/.m2/repository/org/springframework/boot/spring-boot-starter/3.0.2/spring-boot-starter-3.0.2.jar:/home/mylinh/.m2/repository/org/springframework/boot/spring-boot/3.0.2/spring-boot-3.0.2.jar:/home/mylinh/.m2/repository/org/springframework/boot/spring-boot-autoconfigure/3.0.2/spring-boot-autoconfigure-3.0.2.jar:/home/mylinh/.m2/repository/org/springframework/boot/spring-boot-starter-logging/3.0.2/spring-boot-starter-logging-3.0.2.jar:/home/mylinh/.m2/repository/ch/qos/logback/logback-classic/1.4.5/logback-classic-1.4.5.jar:/home/mylinh/.m2/repository/ch/qos/logback/logback-core/1.4.5/logback-core-1.4.5.jar:/home/mylinh/.m2/repository/org/apache/logging/log4j/log4j-to-slf4j/2.19.0/log4j-to-slf4j-2.19.0.jar:/home/mylinh/.m2/repository/org/apache/logging/log4j/log4j-api/2.19.0/log4j-api-2.19.0.jar:/home/mylinh/.m2/repository/org/slf4j/jul-to-slf4j/2.0.6/jul-to-slf4j-2.0.6.jar:/home/mylinh/.m2/repository/org/yaml/snakeyaml/1.33/snakeyaml-1.33.jar:/home/mylinh/.m2/repository/org/springframework/spring-messaging/6.0.4/spring-messaging-6.0.4.jar:/home/mylinh/.m2/repository/org/springframework/amqp/spring-rabbit/3.0.1/spring-rabbit-3.0.1.jar:/home/mylinh/.m2/repository/org/springframework/amqp/spring-amqp/3.0.1/spring-amqp-3.0.1.jar:/home/mylinh/.m2/repository/org/springframework/retry/spring-retry/2.0.0/spring-retry-2.0.0.jar:/home/mylinh/.m2/repository/io/micrometer/micrometer-observation/1.10.3/micrometer-observation-1.10.3.jar:/home/mylinh/.m2/repository/io/micrometer/micrometer-commons/1.10.3/micrometer-commons-1.10.3.jar:/home/mylinh/.m2/repository/com/rabbitmq/amqp-client/5.16.0/amqp-client-5.16.0.jar:/home/mylinh/.m2/repository/org/slf4j/slf4j-api/2.0.6/slf4j-api-2.0.6.jar:/home/mylinh/.m2/repository/org/springframework/boot/spring-boot-starter-validation/3.0.2/spring-boot-starter-validation-3.0.2.jar:/home/mylinh/.m2/repository/org/apache/tomcat/embed/tomcat-embed-el/10.1.5/tomcat-embed-el-10.1.5.jar:/home/mylinh/.m2/repository/org/springframework/boot/spring-boot-starter-web/3.0.2/spring-boot-starter-web-3.0.2.jar:/home/mylinh/.m2/repository/org/springframework/boot/spring-boot-starter-json/3.0.2/spring-boot-starter-json-3.0.2.jar:/home/mylinh/.m2/repository/com/fasterxml/jackson/core/jackson-databind/2.14.1/jackson-databind-2.14.1.jar:/home/mylinh/.m2/repository/com/fasterxml/jackson/core/jackson-annotations/2.14.1/jackson-annotations-2.14.1.jar:/home/mylinh/.m2/repository/com/fasterxml/jackson/core/jackson-core/2.14.1/jackson-core-2.14.1.jar:/home/mylinh/.m2/repository/com/fasterxml/jackson/datatype/jackson-datatype-jdk8/2.14.1/jackson-datatype-jdk8-2.14.1.jar:/home/mylinh/.m2/repository/com/fasterxml/jackson/datatype/jackson-datatype-jsr310/2.14.1/jackson-datatype-jsr310-2.14.1.jar:/home/mylinh/.m2/repository/com/fasterxml/jackson/module/jackson-module-parameter-names/2.14.1/jackson-module-parameter-names-2.14.1.jar:/home/mylinh/.m2/repository/org/springframework/boot/spring-boot-starter-tomcat/3.0.2/spring-boot-starter-tomcat-3.0.2.jar:/home/mylinh/.m2/repository/org/apache/tomcat/embed/tomcat-embed-core/10.1.5/tomcat-embed-core-10.1.5.jar:/home/mylinh/.m2/repository/org/apache/tomcat/embed/tomcat-embed-websocket/10.1.5/tomcat-embed-websocket-10.1.5.jar:/home/mylinh/.m2/repository/org/springframework/spring-web/6.0.4/spring-web-6.0.4.jar:/home/mylinh/.m2/repository/org/springframework/spring-webmvc/6.0.4/spring-webmvc-6.0.4.jar:/home/mylinh/.m2/repository/org/springframework/spring-expression/6.0.4/spring-expression-6.0.4.jar:/home/mylinh/.m2/repository/mysql/mysql-connector-java/8.0.30/mysql-connector-java-8.0.30.jar:/home/mylinh/.m2/repository/org/springframework/boot/spring-boot-starter-test/3.0.2/spring-boot-starter-test-3.0.2.jar:/home/mylinh/.m2/repository/org/springframework/boot/spring-boot-test/3.0.2/spring-boot-test-3.0.2.jar:/home/mylinh/.m2/repository/org/springframework/boot/spring-boot-test-autoconfigure/3.0.2/spring-boot-test-autoconfigure-3.0.2.jar:/home/mylinh/.m2/repository/com/jayway/jsonpath/json-path/2.7.0/json-path-2.7.0.jar:/home/mylinh/.m2/repository/net/minidev/json-smart/2.4.8/json-smart-2.4.8.jar:/home/mylinh/.m2/repository/net/minidev/accessors-smart/2.4.8/accessors-smart-2.4.8.jar:/home/mylinh/.m2/repository/org/ow2/asm/asm/9.1/asm-9.1.jar:/home/mylinh/.m2/repository/jakarta/xml/bind/jakarta.xml.bind-api/4.0.0/jakarta.xml.bind-api-4.0.0.jar:/home/mylinh/.m2/repository/jakarta/activation/jakarta.activation-api/2.1.1/jakarta.activation-api-2.1.1.jar:/home/mylinh/.m2/repository/org/assertj/assertj-core/3.23.1/assertj-core-3.23.1.jar:/home/mylinh/.m2/repository/org/hamcrest/hamcrest/2.2/hamcrest-2.2.jar:/home/mylinh/.m2/repository/org/mockito/mockito-junit-jupiter/4.8.1/mockito-junit-jupiter-4.8.1.jar:/home/mylinh/.m2/repository/org/skyscreamer/jsonassert/1.5.1/jsonassert-1.5.1.jar:/home/mylinh/.m2/repository/com/vaadin/external/google/android-json/0.0.20131108.vaadin1/android-json-0.0.20131108.vaadin1.jar:/home/mylinh/.m2/repository/org/springframework/spring-core/6.0.4/spring-core-6.0.4.jar:/home/mylinh/.m2/repository/org/springframework/spring-jcl/6.0.4/spring-jcl-6.0.4.jar:/home/mylinh/.m2/repository/org/springframework/spring-test/6.0.4/spring-test-6.0.4.jar:/home/mylinh/.m2/repository/org/xmlunit/xmlunit-core/2.9.1/xmlunit-core-2.9.1.jar:/home/mylinh/.m2/repository/org/hibernate/validator/hibernate-validator/8.0.0.Final/hibernate-validator-8.0.0.Final.jar:/home/mylinh/.m2/repository/jakarta/validation/jakarta.validation-api/3.0.2/jakarta.validation-api-3.0.2.jar:/home/mylinh/.m2/repository/org/jboss/logging/jboss-logging/3.5.0.Final/jboss-logging-3.5.0.Final.jar:/home/mylinh/.m2/repository/com/fasterxml/classmate/1.5.1/classmate-1.5.1.jar:/home/mylinh/.m2/repository/org/springframework/boot/spring-boot-configuration-processor/2.0.1.RELEASE/spring-boot-configuration-processor-2.0.1.RELEASE.jar:/home/mylinh/.m2/repository/org/projectlombok/lombok/1.18.24/lombok-1.18.24.jar:/home/mylinh/.m2/repository/org/springdoc/springdoc-openapi-starter-webmvc-ui/2.0.2/springdoc-openapi-starter-webmvc-ui-2.0.2.jar:/home/mylinh/.m2/repository/org/springdoc/springdoc-openapi-starter-webmvc-api/2.0.2/springdoc-openapi-starter-webmvc-api-2.0.2.jar:/home/mylinh/.m2/repository/org/springdoc/springdoc-openapi-starter-common/2.0.2/springdoc-openapi-starter-common-2.0.2.jar:/home/mylinh/.m2/repository/io/swagger/core/v3/swagger-core-jakarta/2.2.7/swagger-core-jakarta-2.2.7.jar:/home/mylinh/.m2/repository/org/apache/commons/commons-lang3/3.12.0/commons-lang3-3.12.0.jar:/home/mylinh/.m2/repository/io/swagger/core/v3/swagger-annotations-jakarta/2.2.7/swagger-annotations-jakarta-2.2.7.jar:/home/mylinh/.m2/repository/io/swagger/core/v3/swagger-models-jakarta/2.2.7/swagger-models-jakarta-2.2.7.jar:/home/mylinh/.m2/repository/com/fasterxml/jackson/dataformat/jackson-dataformat-yaml/2.14.1/jackson-dataformat-yaml-2.14.1.jar:/home/mylinh/.m2/repository/org/webjars/swagger-ui/4.15.5/swagger-ui-4.15.5.jar:/home/mylinh/.m2/repository/org/webjars/webjars-locator-core/0.52/webjars-locator-core-0.52.jar:/home/mylinh/.m2/repository/io/github/classgraph/classgraph/4.8.149/classgraph-4.8.149.jar:/home/mylinh/.m2/repository/org/decimal4j/decimal4j/1.0.3/decimal4j-1.0.3.jar:/home/mylinh/.m2/repository/com/drewnoakes/metadata-extractor/2.17.0/metadata-extractor-2.17.0.jar:/home/mylinh/.m2/repository/com/adobe/xmp/xmpcore/6.1.11/xmpcore-6.1.11.jar:/home/mylinh/.m2/repository/org/junit/jupiter/junit-jupiter/5.8.2/junit-jupiter-5.8.2.jar:/home/mylinh/.m2/repository/org/junit/jupiter/junit-jupiter-api/5.9.2/junit-jupiter-api-5.9.2.jar:/home/mylinh/.m2/repository/org/opentest4j/opentest4j/1.2.0/opentest4j-1.2.0.jar:/home/mylinh/.m2/repository/org/junit/platform/junit-platform-commons/1.9.2/junit-platform-commons-1.9.2.jar:/home/mylinh/.m2/repository/org/apiguardian/apiguardian-api/1.1.2/apiguardian-api-1.1.2.jar:/home/mylinh/.m2/repository/org/junit/jupiter/junit-jupiter-params/5.9.2/junit-jupiter-params-5.9.2.jar:/home/mylinh/.m2/repository/org/junit/jupiter/junit-jupiter-engine/5.9.2/junit-jupiter-engine-5.9.2.jar:/home/mylinh/.m2/repository/org/junit/platform/junit-platform-engine/1.9.2/junit-platform-engine-1.9.2.jar:/home/mylinh/.m2/repository/org/mockito/mockito-core/4.2.0/mockito-core-4.2.0.jar:/home/mylinh/.m2/repository/net/bytebuddy/byte-buddy/1.12.22/byte-buddy-1.12.22.jar:/home/mylinh/.m2/repository/net/bytebuddy/byte-buddy-agent/1.12.22/byte-buddy-agent-1.12.22.jar:/home/mylinh/.m2/repository/org/objenesis/objenesis/3.2/objenesis-3.2.jar:"/>
    <property name="java.vm.vendor" value="Oracle Corporation"/>
    <property name="sun.arch.data.model" value="64"/>
    <property name="java.vendor.url" value="https://java.oracle.com/"/>
    <property name="os.name" value="Linux"/>
    <property name="java.vm.specification.version" value="19"/>
    <property name="sun.java.launcher" value="SUN_STANDARD"/>
    <property name="user.country" value="DE"/>
    <property name="sun.boot.library.path" value="/home/mylinh/.jdks/openjdk-19.0.2/lib"/>
    <property name="sun.java.command" value="/home/mylinh/webWithTests/microservices/paymentService/target/surefire/surefirebooter7084578214162562277.jar /home/mylinh/webWithTests/microservices/paymentService/target/surefire 2023-04-05T11-26-22_730-jvmRun1 surefire3838449435619308752tmp surefire_017915578827783981355tmp"/>
    <property name="jdk.debug" value="release"/>
    <property name="surefire.test.class.path" value="/home/mylinh/webWithTests/microservices/paymentService/target/test-classes:/home/mylinh/webWithTests/microservices/paymentService/target/classes:/home/mylinh/.m2/repository/junit/junit/4.13.2/junit-4.13.2.jar:/home/mylinh/.m2/repository/org/hamcrest/hamcrest-core/2.2/hamcrest-core-2.2.jar:/home/mylinh/.m2/repository/javax/validation/validation-api/2.0.1.Final/validation-api-2.0.1.Final.jar:/home/mylinh/.m2/repository/org/springframework/boot/spring-boot-starter-data-jpa/3.0.2/spring-boot-starter-data-jpa-3.0.2.jar:/home/mylinh/.m2/repository/org/springframework/boot/spring-boot-starter-aop/3.0.2/spring-boot-starter-aop-3.0.2.jar:/home/mylinh/.m2/repository/org/springframework/spring-aop/6.0.4/spring-aop-6.0.4.jar:/home/mylinh/.m2/repository/org/aspectj/aspectjweaver/1.9.19/aspectjweaver-1.9.19.jar:/home/mylinh/.m2/repository/org/springframework/boot/spring-boot-starter-jdbc/3.0.2/spring-boot-starter-jdbc-3.0.2.jar:/home/mylinh/.m2/repository/com/zaxxer/HikariCP/5.0.1/HikariCP-5.0.1.jar:/home/mylinh/.m2/repository/org/springframework/spring-jdbc/6.0.4/spring-jdbc-6.0.4.jar:/home/mylinh/.m2/repository/org/hibernate/orm/hibernate-core/6.1.6.Final/hibernate-core-6.1.6.Final.jar:/home/mylinh/.m2/repository/jakarta/persistence/jakarta.persistence-api/3.1.0/jakarta.persistence-api-3.1.0.jar:/home/mylinh/.m2/repository/jakarta/transaction/jakarta.transaction-api/2.0.1/jakarta.transaction-api-2.0.1.jar:/home/mylinh/.m2/repository/org/hibernate/common/hibernate-commons-annotations/6.0.2.Final/hibernate-commons-annotations-6.0.2.Final.jar:/home/mylinh/.m2/repository/org/jboss/jandex/2.4.2.Final/jandex-2.4.2.Final.jar:/home/mylinh/.m2/repository/org/glassfish/jaxb/jaxb-runtime/4.0.1/jaxb-runtime-4.0.1.jar:/home/mylinh/.m2/repository/org/glassfish/jaxb/jaxb-core/4.0.1/jaxb-core-4.0.1.jar:/home/mylinh/.m2/repository/org/eclipse/angus/angus-activation/1.0.0/angus-activation-1.0.0.jar:/home/mylinh/.m2/repository/org/glassfish/jaxb/txw2/4.0.1/txw2-4.0.1.jar:/home/mylinh/.m2/repository/com/sun/istack/istack-commons-runtime/4.1.1/istack-commons-runtime-4.1.1.jar:/home/mylinh/.m2/repository/jakarta/inject/jakarta.inject-api/2.0.0/jakarta.inject-api-2.0.0.jar:/home/mylinh/.m2/repository/org/antlr/antlr4-runtime/4.10.1/antlr4-runtime-4.10.1.jar:/home/mylinh/.m2/repository/org/springframework/data/spring-data-jpa/3.0.1/spring-data-jpa-3.0.1.jar:/home/mylinh/.m2/repository/org/springframework/data/spring-data-commons/3.0.1/spring-data-commons-3.0.1.jar:/home/mylinh/.m2/repository/org/springframework/spring-orm/6.0.4/spring-orm-6.0.4.jar:/home/mylinh/.m2/repository/org/springframework/spring-context/6.0.4/spring-context-6.0.4.jar:/home/mylinh/.m2/repository/org/springframework/spring-tx/6.0.4/spring-tx-6.0.4.jar:/home/mylinh/.m2/repository/org/springframework/spring-beans/6.0.4/spring-beans-6.0.4.jar:/home/mylinh/.m2/repository/jakarta/annotation/jakarta.annotation-api/2.1.1/jakarta.annotation-api-2.1.1.jar:/home/mylinh/.m2/repository/org/springframework/spring-aspects/6.0.4/spring-aspects-6.0.4.jar:/home/mylinh/.m2/repository/org/springframework/boot/spring-boot-starter-amqp/3.0.2/spring-boot-starter-amqp-3.0.2.jar:/home/mylinh/.m2/repository/org/springframework/boot/spring-boot-starter/3.0.2/spring-boot-starter-3.0.2.jar:/home/mylinh/.m2/repository/org/springframework/boot/spring-boot/3.0.2/spring-boot-3.0.2.jar:/home/mylinh/.m2/repository/org/springframework/boot/spring-boot-autoconfigure/3.0.2/spring-boot-autoconfigure-3.0.2.jar:/home/mylinh/.m2/repository/org/springframework/boot/spring-boot-starter-logging/3.0.2/spring-boot-starter-logging-3.0.2.jar:/home/mylinh/.m2/repository/ch/qos/logback/logback-classic/1.4.5/logback-classic-1.4.5.jar:/home/mylinh/.m2/repository/ch/qos/logback/logback-core/1.4.5/logback-core-1.4.5.jar:/home/mylinh/.m2/repository/org/apache/logging/log4j/log4j-to-slf4j/2.19.0/log4j-to-slf4j-2.19.0.jar:/home/mylinh/.m2/repository/org/apache/logging/log4j/log4j-api/2.19.0/log4j-api-2.19.0.jar:/home/mylinh/.m2/repository/org/slf4j/jul-to-slf4j/2.0.6/jul-to-slf4j-2.0.6.jar:/home/mylinh/.m2/repository/org/yaml/snakeyaml/1.33/snakeyaml-1.33.jar:/home/mylinh/.m2/repository/org/springframework/spring-messaging/6.0.4/spring-messaging-6.0.4.jar:/home/mylinh/.m2/repository/org/springframework/amqp/spring-rabbit/3.0.1/spring-rabbit-3.0.1.jar:/home/mylinh/.m2/repository/org/springframework/amqp/spring-amqp/3.0.1/spring-amqp-3.0.1.jar:/home/mylinh/.m2/repository/org/springframework/retry/spring-retry/2.0.0/spring-retry-2.0.0.jar:/home/mylinh/.m2/repository/io/micrometer/micrometer-observation/1.10.3/micrometer-observation-1.10.3.jar:/home/mylinh/.m2/repository/io/micrometer/micrometer-commons/1.10.3/micrometer-commons-1.10.3.jar:/home/mylinh/.m2/repository/com/rabbitmq/amqp-client/5.16.0/amqp-client-5.16.0.jar:/home/mylinh/.m2/repository/org/slf4j/slf4j-api/2.0.6/slf4j-api-2.0.6.jar:/home/mylinh/.m2/repository/org/springframework/boot/spring-boot-starter-validation/3.0.2/spring-boot-starter-validation-3.0.2.jar:/home/mylinh/.m2/repository/org/apache/tomcat/embed/tomcat-embed-el/10.1.5/tomcat-embed-el-10.1.5.jar:/home/mylinh/.m2/repository/org/springframework/boot/spring-boot-starter-web/3.0.2/spring-boot-starter-web-3.0.2.jar:/home/mylinh/.m2/repository/org/springframework/boot/spring-boot-starter-json/3.0.2/spring-boot-starter-json-3.0.2.jar:/home/mylinh/.m2/repository/com/fasterxml/jackson/core/jackson-databind/2.14.1/jackson-databind-2.14.1.jar:/home/mylinh/.m2/repository/com/fasterxml/jackson/core/jackson-annotations/2.14.1/jackson-annotations-2.14.1.jar:/home/mylinh/.m2/repository/com/fasterxml/jackson/core/jackson-core/2.14.1/jackson-core-2.14.1.jar:/home/mylinh/.m2/repository/com/fasterxml/jackson/datatype/jackson-datatype-jdk8/2.14.1/jackson-datatype-jdk8-2.14.1.jar:/home/mylinh/.m2/repository/com/fasterxml/jackson/datatype/jackson-datatype-jsr310/2.14.1/jackson-datatype-jsr310-2.14.1.jar:/home/mylinh/.m2/repository/com/fasterxml/jackson/module/jackson-module-parameter-names/2.14.1/jackson-module-parameter-names-2.14.1.jar:/home/mylinh/.m2/repository/org/springframework/boot/spring-boot-starter-tomcat/3.0.2/spring-boot-starter-tomcat-3.0.2.jar:/home/mylinh/.m2/repository/org/apache/tomcat/embed/tomcat-embed-core/10.1.5/tomcat-embed-core-10.1.5.jar:/home/mylinh/.m2/repository/org/apache/tomcat/embed/tomcat-embed-websocket/10.1.5/tomcat-embed-websocket-10.1.5.jar:/home/mylinh/.m2/repository/org/springframework/spring-web/6.0.4/spring-web-6.0.4.jar:/home/mylinh/.m2/repository/org/springframework/spring-webmvc/6.0.4/spring-webmvc-6.0.4.jar:/home/mylinh/.m2/repository/org/springframework/spring-expression/6.0.4/spring-expression-6.0.4.jar:/home/mylinh/.m2/repository/mysql/mysql-connector-java/8.0.30/mysql-connector-java-8.0.30.jar:/home/mylinh/.m2/repository/org/springframework/boot/spring-boot-starter-test/3.0.2/spring-boot-starter-test-3.0.2.jar:/home/mylinh/.m2/repository/org/springframework/boot/spring-boot-test/3.0.2/spring-boot-test-3.0.2.jar:/home/mylinh/.m2/repository/org/springframework/boot/spring-boot-test-autoconfigure/3.0.2/spring-boot-test-autoconfigure-3.0.2.jar:/home/mylinh/.m2/repository/com/jayway/jsonpath/json-path/2.7.0/json-path-2.7.0.jar:/home/mylinh/.m2/repository/net/minidev/json-smart/2.4.8/json-smart-2.4.8.jar:/home/mylinh/.m2/repository/net/minidev/accessors-smart/2.4.8/accessors-smart-2.4.8.jar:/home/mylinh/.m2/repository/org/ow2/asm/asm/9.1/asm-9.1.jar:/home/mylinh/.m2/repository/jakarta/xml/bind/jakarta.xml.bind-api/4.0.0/jakarta.xml.bind-api-4.0.0.jar:/home/mylinh/.m2/repository/jakarta/activation/jakarta.activation-api/2.1.1/jakarta.activation-api-2.1.1.jar:/home/mylinh/.m2/repository/org/assertj/assertj-core/3.23.1/assertj-core-3.23.1.jar:/home/mylinh/.m2/repository/org/hamcrest/hamcrest/2.2/hamcrest-2.2.jar:/home/mylinh/.m2/repository/org/mockito/mockito-junit-jupiter/4.8.1/mockito-junit-jupiter-4.8.1.jar:/home/mylinh/.m2/repository/org/skyscreamer/jsonassert/1.5.1/jsonassert-1.5.1.jar:/home/mylinh/.m2/repository/com/vaadin/external/google/android-json/0.0.20131108.vaadin1/android-json-0.0.20131108.vaadin1.jar:/home/mylinh/.m2/repository/org/springframework/spring-core/6.0.4/spring-core-6.0.4.jar:/home/mylinh/.m2/repository/org/springframework/spring-jcl/6.0.4/spring-jcl-6.0.4.jar:/home/mylinh/.m2/repository/org/springframework/spring-test/6.0.4/spring-test-6.0.4.jar:/home/mylinh/.m2/repository/org/xmlunit/xmlunit-core/2.9.1/xmlunit-core-2.9.1.jar:/home/mylinh/.m2/repository/org/hibernate/validator/hibernate-validator/8.0.0.Final/hibernate-validator-8.0.0.Final.jar:/home/mylinh/.m2/repository/jakarta/validation/jakarta.validation-api/3.0.2/jakarta.validation-api-3.0.2.jar:/home/mylinh/.m2/repository/org/jboss/logging/jboss-logging/3.5.0.Final/jboss-logging-3.5.0.Final.jar:/home/mylinh/.m2/repository/com/fasterxml/classmate/1.5.1/classmate-1.5.1.jar:/home/mylinh/.m2/repository/org/springframework/boot/spring-boot-configuration-processor/2.0.1.RELEASE/spring-boot-configuration-processor-2.0.1.RELEASE.jar:/home/mylinh/.m2/repository/org/projectlombok/lombok/1.18.24/lombok-1.18.24.jar:/home/mylinh/.m2/repository/org/springdoc/springdoc-openapi-starter-webmvc-ui/2.0.2/springdoc-openapi-starter-webmvc-ui-2.0.2.jar:/home/mylinh/.m2/repository/org/springdoc/springdoc-openapi-starter-webmvc-api/2.0.2/springdoc-openapi-starter-webmvc-api-2.0.2.jar:/home/mylinh/.m2/repository/org/springdoc/springdoc-openapi-starter-common/2.0.2/springdoc-openapi-starter-common-2.0.2.jar:/home/mylinh/.m2/repository/io/swagger/core/v3/swagger-core-jakarta/2.2.7/swagger-core-jakarta-2.2.7.jar:/home/mylinh/.m2/repository/org/apache/commons/commons-lang3/3.12.0/commons-lang3-3.12.0.jar:/home/mylinh/.m2/repository/io/swagger/core/v3/swagger-annotations-jakarta/2.2.7/swagger-annotations-jakarta-2.2.7.jar:/home/mylinh/.m2/repository/io/swagger/core/v3/swagger-models-jakarta/2.2.7/swagger-models-jakarta-2.2.7.jar:/home/mylinh/.m2/repository/com/fasterxml/jackson/dataformat/jackson-dataformat-yaml/2.14.1/jackson-dataformat-yaml-2.14.1.jar:/home/mylinh/.m2/repository/org/webjars/swagger-ui/4.15.5/swagger-ui-4.15.5.jar:/home/mylinh/.m2/repository/org/webjars/webjars-locator-core/0.52/webjars-locator-core-0.52.jar:/home/mylinh/.m2/repository/io/github/classgraph/classgraph/4.8.149/classgraph-4.8.149.jar:/home/mylinh/.m2/repository/org/decimal4j/decimal4j/1.0.3/decimal4j-1.0.3.jar:/home/mylinh/.m2/repository/com/drewnoakes/metadata-extractor/2.17.0/metadata-extractor-2.17.0.jar:/home/mylinh/.m2/repository/com/adobe/xmp/xmpcore/6.1.11/xmpcore-6.1.11.jar:/home/mylinh/.m2/repository/org/junit/jupiter/junit-jupiter/5.8.2/junit-jupiter-5.8.2.jar:/home/mylinh/.m2/repository/org/junit/jupiter/junit-jupiter-api/5.9.2/junit-jupiter-api-5.9.2.jar:/home/mylinh/.m2/repository/org/opentest4j/opentest4j/1.2.0/opentest4j-1.2.0.jar:/home/mylinh/.m2/repository/org/junit/platform/junit-platform-commons/1.9.2/junit-platform-commons-1.9.2.jar:/home/mylinh/.m2/repository/org/apiguardian/apiguardian-api/1.1.2/apiguardian-api-1.1.2.jar:/home/mylinh/.m2/repository/org/junit/jupiter/junit-jupiter-params/5.9.2/junit-jupiter-params-5.9.2.jar:/home/mylinh/.m2/repository/org/junit/jupiter/junit-jupiter-engine/5.9.2/junit-jupiter-engine-5.9.2.jar:/home/mylinh/.m2/repository/org/junit/platform/junit-platform-engine/1.9.2/junit-platform-engine-1.9.2.jar:/home/mylinh/.m2/repository/org/mockito/mockito-core/4.2.0/mockito-core-4.2.0.jar:/home/mylinh/.m2/repository/net/bytebuddy/byte-buddy/1.12.22/byte-buddy-1.12.22.jar:/home/mylinh/.m2/repository/net/bytebuddy/byte-buddy-agent/1.12.22/byte-buddy-agent-1.12.22.jar:/home/mylinh/.m2/repository/org/objenesis/objenesis/3.2/objenesis-3.2.jar:"/>
    <property name="sun.cpu.endian" value="little"/>
    <property name="user.home" value="/home/mylinh"/>
    <property name="user.language" value="de"/>
    <property name="java.specification.vendor" value="Oracle Corporation"/>
    <property name="java.version.date" value="2023-01-17"/>
    <property name="java.home" value="/home/mylinh/.jdks/openjdk-19.0.2"/>
    <property name="file.separator" value="/"/>
    <property name="basedir" value="/home/mylinh/webWithTests/microservices/paymentService"/>
    <property name="java.vm.compressedOopsMode" value="32-bit"/>
    <property name="line.separator" value="&#10;"/>
    <property name="java.specification.name" value="Java Platform API Specification"/>
    <property name="java.vm.specification.vendor" value="Oracle Corporation"/>
    <property name="surefire.real.class.path" value="/home/mylinh/webWithTests/microservices/paymentService/target/surefire/surefirebooter7084578214162562277.jar"/>
    <property name="sun.management.compiler" value="HotSpot 64-Bit Tiered Compilers"/>
    <property name="java.runtime.version" value="19.0.2+7-44"/>
    <property name="user.name" value="mylinh"/>
    <property name="stdout.encoding" value="UTF-8"/>
    <property name="path.separator" value=":"/>
    <property name="os.version" value="5.15.0-60-generic"/>
    <property name="java.runtime.name" value="OpenJDK Runtime Environment"/>
    <property name="file.encoding" value="UTF-8"/>
    <property name="java.vm.name" value="OpenJDK 64-Bit Server VM"/>
    <property name="localRepository" value="/home/mylinh/.m2/repository"/>
    <property name="java.vendor.url.bug" value="https://bugreport.java.com/bugreport/"/>
    <property name="java.io.tmpdir" value="/tmp"/>
    <property name="idea.version" value="2023.1"/>
    <property name="java.version" value="19.0.2"/>
    <property name="user.dir" value="/home/mylinh/webWithTests/microservices/paymentService"/>
    <property name="os.arch" value="amd64"/>
    <property name="java.vm.specification.name" value="Java Virtual Machine Specification"/>
    <property name="native.encoding" value="UTF-8"/>
    <property name="java.library.path" value="/usr/java/packages/lib:/usr/lib64:/lib64:/lib:/usr/lib"/>
    <property name="java.vm.info" value="mixed mode, sharing"/>
    <property name="stderr.encoding" value="UTF-8"/>
    <property name="java.vendor" value="Oracle Corporation"/>
    <property name="java.vm.version" value="19.0.2+7-44"/>
    <property name="sun.io.unicode.encoding" value="UnicodeLittle"/>
    <property name="java.class.version" value="63.0"/>
  </properties>
  <testcase name="getPaymentsByOrderIdWithTwoValidOrdersTest" classname="de.htwberlin.paymentService.unitTests.PaymentServiceTests" time="0.054"/>
  <testcase name="createPaymentWithNegativeAmountTest" classname="de.htwberlin.paymentService.unitTests.PaymentServiceTests" time="0.009"/>
  <testcase name="createPaymentWithExistingPaymentIdTest" classname="de.htwberlin.paymentService.unitTests.PaymentServiceTests" time="0.004"/>
  <testcase name="getPaymentsByOrderIdValidOrderTest" classname="de.htwberlin.paymentService.unitTests.PaymentServiceTests" time="0.004"/>
  <testcase name="getPaymentsByOrderIdWithNullOrderIdTest" classname="de.htwberlin.paymentService.unitTests.PaymentServiceTests" time="0.004"/>
  <testcase name="createValidPaymentTest" classname="de.htwberlin.paymentService.unitTests.PaymentServiceTests" time="0.006"/>
  <testcase name="updatePaymentStatusOnlyCallsRepositoryOnceTest" classname="de.htwberlin.paymentService.unitTests.PaymentServiceTests" time="0.006"/>
  <testcase name="getPaymentsByOrderIdWithInvalidOrderIdTest" classname="de.htwberlin.paymentService.unitTests.PaymentServiceTests" time="0.005"/>
  <testcase name="createPaymentWithNullPaymentIdTest" classname="de.htwberlin.paymentService.unitTests.PaymentServiceTests" time="0.003"/>
  <testcase name="createPaymentWithNullAmountTest" classname="de.htwberlin.paymentService.unitTests.PaymentServiceTests" time="0.004"/>
  <testcase name="updatePaymentStatusSuccessTest" classname="de.htwberlin.paymentService.unitTests.PaymentServiceTests" time="0.098"/>
  <testcase name="updatePaymentStatusWithRepositoryExceptionTest" classname="de.htwberlin.paymentService.unitTests.PaymentServiceTests" time="0.006"/>
  <testcase name="createPaymentWithNullOrderIdTest" classname="de.htwberlin.paymentService.unitTests.PaymentServiceTests" time="0.004"/>
  <testcase name="updatePaymentStatusWithPaymentIdNullTest" classname="de.htwberlin.paymentService.unitTests.PaymentServiceTests" time="0.003"/>
  <testcase name="updatePaymentStatusWithStatusNullTest" classname="de.htwberlin.paymentService.unitTests.PaymentServiceTests" time="0.006"/>
  <testcase name="updatePaymentStatusPaymentIdNotFoundTest" classname="de.htwberlin.paymentService.unitTests.PaymentServiceTests" time="0.006"/>
  <testcase name="updatePaymentStatus_ReturnsPaymentWithUpdatedStatusTest" classname="de.htwberlin.paymentService.unitTests.PaymentServiceTests" time="0.013"/>
</testsuite>